<?xml version="1.0" encoding="UTF-8"?>
<!-- Generated by org.testng.reporters.JUnitReportReporter -->
<testsuite hostname="BHTPL-LAPTOP12" name="business.denefits.com.testcases.DummyTestA" tests="3" failures="0" timestamp="16 May 2020 07:32:59 GMT" time="0.020" errors="0">
  <testcase name="A2" time="0.001" classname="business.denefits.com.testcases.DummyTestA"/>
  <testcase name="A1" time="0.014" classname="business.denefits.com.testcases.DummyTestA"/>
  <testcase name="A3" time="0.005" classname="business.denefits.com.testcases.DummyTestA"/>
</testsuite> <!-- business.denefits.com.testcases.DummyTestA -->
