<?xml version="1.0" encoding="UTF-8"?>
<!-- Generated by org.testng.reporters.JUnitReportReporter -->
<testsuite hostname="BHTPL-LAPTOP12" name="business.denefits.com.testcases.DummyTestC" tests="1" failures="0" timestamp="16 May 2020 06:50:57 GMT" time="0.006" errors="0">
  <testcase name="C1" time="0.006" classname="business.denefits.com.testcases.DummyTestC"/>
</testsuite> <!-- business.denefits.com.testcases.DummyTestC -->
