<?xml version="1.0" encoding="UTF-8"?>
<!-- Generated by org.testng.reporters.JUnitReportReporter -->
<testsuite skipped="1" hostname="BHTPL-LAPTOP12" name="business.denefits.com.testcases.DummyTestB" tests="2" failures="0" timestamp="2020-05-27T10:54:30 IST" time="62.923" errors="0">
  <testcase name="B1" time="62.816" classname="business.denefits.com.testcases.DummyTestB"/>
  <system-out/>
  <testcase name="B1" time="0.107" classname="business.denefits.com.testcases.DummyTestB">
    <skipped/>
  </testcase> <!-- B1 -->
  <system-out/>
</testsuite> <!-- business.denefits.com.testcases.DummyTestB -->
