<?xml version="1.0" encoding="UTF-8"?>
<!-- Generated by org.testng.reporters.JUnitReportReporter -->
<testsuite skipped="0" hostname="BHTPL-LAPTOP12" name="business.denefits.com.testcases.DummyTestB" tests="1" failures="0" timestamp="2020-05-17T12:15:38 IST" time="33.103" errors="0">
  <testcase name="B1" time="33.103" classname="business.denefits.com.testcases.DummyTestB"/>
  <system-out/>
</testsuite> <!-- business.denefits.com.testcases.DummyTestB -->
